Determining if the Q_WS_WIN exist failed with the following output:
Change Dir: /home/ubundr/05Sept2016/ox-delivery/Leo_libs/CMakeFiles/CMakeTmp

Run Build Command:/usr/bin/make "cmTryCompileExec2435839457/fast"
/usr/bin/make -f CMakeFiles/cmTryCompileExec2435839457.dir/build.make CMakeFiles/cmTryCompileExec2435839457.dir/build
make[1]: Entering directory `/home/ubundr/05Sept2016/ox-delivery/Leo_libs/CMakeFiles/CMakeTmp'
/usr/bin/cmake -E cmake_progress_report /home/ubundr/05Sept2016/ox-delivery/Leo_libs/CMakeFiles/CMakeTmp/CMakeFiles 1
Building CXX object CMakeFiles/cmTryCompileExec2435839457.dir/CheckSymbolExists.cxx.o
/usr/bin/c++    -g -Wall -Wno-deprecated  -I/usr/include/qt4    -o CMakeFiles/cmTryCompileExec2435839457.dir/CheckSymbolExists.cxx.o -c /home/ubundr/05Sept2016/ox-delivery/Leo_libs/CMakeFiles/CMakeTmp/CheckSymbolExists.cxx
/home/ubundr/05Sept2016/ox-delivery/Leo_libs/CMakeFiles/CMakeTmp/CheckSymbolExists.cxx: In function ‘int main(int, char**)’:
/home/ubundr/05Sept2016/ox-delivery/Leo_libs/CMakeFiles/CMakeTmp/CheckSymbolExists.cxx:8:19: error: ‘Q_WS_WIN’ was not declared in this scope
   return ((int*)(&Q_WS_WIN))[argc];
                   ^
make[1]: Leaving directory `/home/ubundr/05Sept2016/ox-delivery/Leo_libs/CMakeFiles/CMakeTmp'
make[1]: *** [CMakeFiles/cmTryCompileExec2435839457.dir/CheckSymbolExists.cxx.o] Error 1
make: *** [cmTryCompileExec2435839457/fast] Error 2

File /home/ubundr/05Sept2016/ox-delivery/Leo_libs/CMakeFiles/CMakeTmp/CheckSymbolExists.cxx:
/* */
#include <QtCore/qglobal.h>

int main(int argc, char** argv)
{
  (void)argv;
#ifndef Q_WS_WIN
  return ((int*)(&Q_WS_WIN))[argc];
#else
  (void)argc;
  return 0;
#endif
}

Determining if the Q_WS_QWS exist failed with the following output:
Change Dir: /home/ubundr/05Sept2016/ox-delivery/Leo_libs/CMakeFiles/CMakeTmp

Run Build Command:/usr/bin/make "cmTryCompileExec2411380374/fast"
/usr/bin/make -f CMakeFiles/cmTryCompileExec2411380374.dir/build.make CMakeFiles/cmTryCompileExec2411380374.dir/build
make[1]: Entering directory `/home/ubundr/05Sept2016/ox-delivery/Leo_libs/CMakeFiles/CMakeTmp'
/usr/bin/cmake -E cmake_progress_report /home/ubundr/05Sept2016/ox-delivery/Leo_libs/CMakeFiles/CMakeTmp/CMakeFiles 1
Building CXX object CMakeFiles/cmTryCompileExec2411380374.dir/CheckSymbolExists.cxx.o
/usr/bin/c++    -g -Wall -Wno-deprecated  -I/usr/include/qt4    -o CMakeFiles/cmTryCompileExec2411380374.dir/CheckSymbolExists.cxx.o -c /home/ubundr/05Sept2016/ox-delivery/Leo_libs/CMakeFiles/CMakeTmp/CheckSymbolExists.cxx
/home/ubundr/05Sept2016/ox-delivery/Leo_libs/CMakeFiles/CMakeTmp/CheckSymbolExists.cxx: In function ‘int main(int, char**)’:
/home/ubundr/05Sept2016/ox-delivery/Leo_libs/CMakeFiles/CMakeTmp/CheckSymbolExists.cxx:8:19: error: ‘Q_WS_QWS’ was not declared in this scope
   return ((int*)(&Q_WS_QWS))[argc];
                   ^
make[1]: *** [CMakeFiles/cmTryCompileExec2411380374.dir/CheckSymbolExists.cxx.o] Error 1
make[1]: Leaving directory `/home/ubundr/05Sept2016/ox-delivery/Leo_libs/CMakeFiles/CMakeTmp'
make: *** [cmTryCompileExec2411380374/fast] Error 2

File /home/ubundr/05Sept2016/ox-delivery/Leo_libs/CMakeFiles/CMakeTmp/CheckSymbolExists.cxx:
/* */
#include <QtCore/qglobal.h>

int main(int argc, char** argv)
{
  (void)argv;
#ifndef Q_WS_QWS
  return ((int*)(&Q_WS_QWS))[argc];
#else
  (void)argc;
  return 0;
#endif
}

Determining if the Q_WS_MAC exist failed with the following output:
Change Dir: /home/ubundr/05Sept2016/ox-delivery/Leo_libs/CMakeFiles/CMakeTmp

Run Build Command:/usr/bin/make "cmTryCompileExec3276997487/fast"
/usr/bin/make -f CMakeFiles/cmTryCompileExec3276997487.dir/build.make CMakeFiles/cmTryCompileExec3276997487.dir/build
make[1]: Entering directory `/home/ubundr/05Sept2016/ox-delivery/Leo_libs/CMakeFiles/CMakeTmp'
/usr/bin/cmake -E cmake_progress_report /home/ubundr/05Sept2016/ox-delivery/Leo_libs/CMakeFiles/CMakeTmp/CMakeFiles 1
Building CXX object CMakeFiles/cmTryCompileExec3276997487.dir/CheckSymbolExists.cxx.o
/usr/bin/c++    -g -Wall -Wno-deprecated  -I/usr/include/qt4    -o CMakeFiles/cmTryCompileExec3276997487.dir/CheckSymbolExists.cxx.o -c /home/ubundr/05Sept2016/ox-delivery/Leo_libs/CMakeFiles/CMakeTmp/CheckSymbolExists.cxx
/home/ubundr/05Sept2016/ox-delivery/Leo_libs/CMakeFiles/CMakeTmp/CheckSymbolExists.cxx: In function ‘int main(int, char**)’:
/home/ubundr/05Sept2016/ox-delivery/Leo_libs/CMakeFiles/CMakeTmp/CheckSymbolExists.cxx:8:19: error: ‘Q_WS_MAC’ was not declared in this scope
   return ((int*)(&Q_WS_MAC))[argc];
                   ^
make[1]: *** [CMakeFiles/cmTryCompileExec3276997487.dir/CheckSymbolExists.cxx.o] Error 1
make[1]: Leaving directory `/home/ubundr/05Sept2016/ox-delivery/Leo_libs/CMakeFiles/CMakeTmp'
make: *** [cmTryCompileExec3276997487/fast] Error 2

File /home/ubundr/05Sept2016/ox-delivery/Leo_libs/CMakeFiles/CMakeTmp/CheckSymbolExists.cxx:
/* */
#include <QtCore/qglobal.h>

int main(int argc, char** argv)
{
  (void)argv;
#ifndef Q_WS_MAC
  return ((int*)(&Q_WS_MAC))[argc];
#else
  (void)argc;
  return 0;
#endif
}

