Determining if the Q_WS_WIN exist failed with the following output:
Change Dir: /home/ubundr/05Sept2016/ox-delivery/KCPP/CMakeFiles/CMakeTmp

Run Build Command:/usr/bin/make "cmTryCompileExec1918306101/fast"
/usr/bin/make -f CMakeFiles/cmTryCompileExec1918306101.dir/build.make CMakeFiles/cmTryCompileExec1918306101.dir/build
make[1]: Entering directory `/home/ubundr/05Sept2016/ox-delivery/KCPP/CMakeFiles/CMakeTmp'
/usr/bin/cmake -E cmake_progress_report /home/ubundr/05Sept2016/ox-delivery/KCPP/CMakeFiles/CMakeTmp/CMakeFiles 1
Building CXX object CMakeFiles/cmTryCompileExec1918306101.dir/CheckSymbolExists.cxx.o
/usr/bin/c++    -g -Wall -Wno-deprecated  -I/usr/include/qt4    -o CMakeFiles/cmTryCompileExec1918306101.dir/CheckSymbolExists.cxx.o -c /home/ubundr/05Sept2016/ox-delivery/KCPP/CMakeFiles/CMakeTmp/CheckSymbolExists.cxx
/home/ubundr/05Sept2016/ox-delivery/KCPP/CMakeFiles/CMakeTmp/CheckSymbolExists.cxx: In function ‘int main(int, char**)’:
/home/ubundr/05Sept2016/ox-delivery/KCPP/CMakeFiles/CMakeTmp/CheckSymbolExists.cxx:8:19: error: ‘Q_WS_WIN’ was not declared in this scope
   return ((int*)(&Q_WS_WIN))[argc];
                   ^
make[1]: *** [CMakeFiles/cmTryCompileExec1918306101.dir/CheckSymbolExists.cxx.o] Error 1
make[1]: Leaving directory `/home/ubundr/05Sept2016/ox-delivery/KCPP/CMakeFiles/CMakeTmp'
make: *** [cmTryCompileExec1918306101/fast] Error 2

File /home/ubundr/05Sept2016/ox-delivery/KCPP/CMakeFiles/CMakeTmp/CheckSymbolExists.cxx:
/* */
#include <QtCore/qglobal.h>

int main(int argc, char** argv)
{
  (void)argv;
#ifndef Q_WS_WIN
  return ((int*)(&Q_WS_WIN))[argc];
#else
  (void)argc;
  return 0;
#endif
}

Determining if the Q_WS_QWS exist failed with the following output:
Change Dir: /home/ubundr/05Sept2016/ox-delivery/KCPP/CMakeFiles/CMakeTmp

Run Build Command:/usr/bin/make "cmTryCompileExec3684835492/fast"
/usr/bin/make -f CMakeFiles/cmTryCompileExec3684835492.dir/build.make CMakeFiles/cmTryCompileExec3684835492.dir/build
make[1]: Entering directory `/home/ubundr/05Sept2016/ox-delivery/KCPP/CMakeFiles/CMakeTmp'
/usr/bin/cmake -E cmake_progress_report /home/ubundr/05Sept2016/ox-delivery/KCPP/CMakeFiles/CMakeTmp/CMakeFiles 1
Building CXX object CMakeFiles/cmTryCompileExec3684835492.dir/CheckSymbolExists.cxx.o
/usr/bin/c++    -g -Wall -Wno-deprecated  -I/usr/include/qt4    -o CMakeFiles/cmTryCompileExec3684835492.dir/CheckSymbolExists.cxx.o -c /home/ubundr/05Sept2016/ox-delivery/KCPP/CMakeFiles/CMakeTmp/CheckSymbolExists.cxx
/home/ubundr/05Sept2016/ox-delivery/KCPP/CMakeFiles/CMakeTmp/CheckSymbolExists.cxx: In function ‘int main(int, char**)’:
/home/ubundr/05Sept2016/ox-delivery/KCPP/CMakeFiles/CMakeTmp/CheckSymbolExists.cxx:8:19: error: ‘Q_WS_QWS’ was not declared in this scope
   return ((int*)(&Q_WS_QWS))[argc];
                   ^
make[1]: *** [CMakeFiles/cmTryCompileExec3684835492.dir/CheckSymbolExists.cxx.o] Error 1
make[1]: Leaving directory `/home/ubundr/05Sept2016/ox-delivery/KCPP/CMakeFiles/CMakeTmp'
make: *** [cmTryCompileExec3684835492/fast] Error 2

File /home/ubundr/05Sept2016/ox-delivery/KCPP/CMakeFiles/CMakeTmp/CheckSymbolExists.cxx:
/* */
#include <QtCore/qglobal.h>

int main(int argc, char** argv)
{
  (void)argv;
#ifndef Q_WS_QWS
  return ((int*)(&Q_WS_QWS))[argc];
#else
  (void)argc;
  return 0;
#endif
}

Determining if the Q_WS_MAC exist failed with the following output:
Change Dir: /home/ubundr/05Sept2016/ox-delivery/KCPP/CMakeFiles/CMakeTmp

Run Build Command:/usr/bin/make "cmTryCompileExec300928567/fast"
/usr/bin/make -f CMakeFiles/cmTryCompileExec300928567.dir/build.make CMakeFiles/cmTryCompileExec300928567.dir/build
make[1]: Entering directory `/home/ubundr/05Sept2016/ox-delivery/KCPP/CMakeFiles/CMakeTmp'
/usr/bin/cmake -E cmake_progress_report /home/ubundr/05Sept2016/ox-delivery/KCPP/CMakeFiles/CMakeTmp/CMakeFiles 1
Building CXX object CMakeFiles/cmTryCompileExec300928567.dir/CheckSymbolExists.cxx.o
/usr/bin/c++    -g -Wall -Wno-deprecated  -I/usr/include/qt4    -o CMakeFiles/cmTryCompileExec300928567.dir/CheckSymbolExists.cxx.o -c /home/ubundr/05Sept2016/ox-delivery/KCPP/CMakeFiles/CMakeTmp/CheckSymbolExists.cxx
/home/ubundr/05Sept2016/ox-delivery/KCPP/CMakeFiles/CMakeTmp/CheckSymbolExists.cxx: In function ‘int main(int, char**)’:
/home/ubundr/05Sept2016/ox-delivery/KCPP/CMakeFiles/CMakeTmp/CheckSymbolExists.cxx:8:19: error: ‘Q_WS_MAC’ was not declared in this scope
   return ((int*)(&Q_WS_MAC))[argc];
                   ^
make[1]: *** [CMakeFiles/cmTryCompileExec300928567.dir/CheckSymbolExists.cxx.o] Error 1
make[1]: Leaving directory `/home/ubundr/05Sept2016/ox-delivery/KCPP/CMakeFiles/CMakeTmp'
make: *** [cmTryCompileExec300928567/fast] Error 2

File /home/ubundr/05Sept2016/ox-delivery/KCPP/CMakeFiles/CMakeTmp/CheckSymbolExists.cxx:
/* */
#include <QtCore/qglobal.h>

int main(int argc, char** argv)
{
  (void)argv;
#ifndef Q_WS_MAC
  return ((int*)(&Q_WS_MAC))[argc];
#else
  (void)argc;
  return 0;
#endif
}

