Determining if the pthread_create exist failed with the following output:
Change Dir: /home/ubundr/05Sept2016/ox-delivery/catkin_ws/build/CMakeFiles/CMakeTmp

Run Build Command:/usr/bin/make "cmTryCompileExec1708074714/fast"
/usr/bin/make -f CMakeFiles/cmTryCompileExec1708074714.dir/build.make CMakeFiles/cmTryCompileExec1708074714.dir/build
make[1]: Entering directory `/home/ubundr/05Sept2016/ox-delivery/catkin_ws/build/CMakeFiles/CMakeTmp'
/usr/bin/cmake -E cmake_progress_report /home/ubundr/05Sept2016/ox-delivery/catkin_ws/build/CMakeFiles/CMakeTmp/CMakeFiles 1
Building C object CMakeFiles/cmTryCompileExec1708074714.dir/CheckSymbolExists.c.o
/usr/bin/cc    -o CMakeFiles/cmTryCompileExec1708074714.dir/CheckSymbolExists.c.o   -c /home/ubundr/05Sept2016/ox-delivery/catkin_ws/build/CMakeFiles/CMakeTmp/CheckSymbolExists.c
Linking C executable cmTryCompileExec1708074714
/usr/bin/cmake -E cmake_link_script CMakeFiles/cmTryCompileExec1708074714.dir/link.txt --verbose=1
/usr/bin/cc       CMakeFiles/cmTryCompileExec1708074714.dir/CheckSymbolExists.c.o  -o cmTryCompileExec1708074714 -rdynamic 
CMakeFiles/cmTryCompileExec1708074714.dir/CheckSymbolExists.c.o: In function `main':
CheckSymbolExists.c:(.text+0x16): undefined reference to `pthread_create'
collect2: error: ld returned 1 exit status
make[1]: Leaving directory `/home/ubundr/05Sept2016/ox-delivery/catkin_ws/build/CMakeFiles/CMakeTmp'
make[1]: *** [cmTryCompileExec1708074714] Error 1
make: *** [cmTryCompileExec1708074714/fast] Error 2

File /home/ubundr/05Sept2016/ox-delivery/catkin_ws/build/CMakeFiles/CMakeTmp/CheckSymbolExists.c:
/* */
#include <pthread.h>

int main(int argc, char** argv)
{
  (void)argv;
#ifndef pthread_create
  return ((int*)(&pthread_create))[argc];
#else
  (void)argc;
  return 0;
#endif
}

Determining if the function pthread_create exists in the pthreads failed with the following output:
Change Dir: /home/ubundr/05Sept2016/ox-delivery/catkin_ws/build/CMakeFiles/CMakeTmp

Run Build Command:/usr/bin/make "cmTryCompileExec3403518678/fast"
/usr/bin/make -f CMakeFiles/cmTryCompileExec3403518678.dir/build.make CMakeFiles/cmTryCompileExec3403518678.dir/build
make[1]: Entering directory `/home/ubundr/05Sept2016/ox-delivery/catkin_ws/build/CMakeFiles/CMakeTmp'
/usr/bin/cmake -E cmake_progress_report /home/ubundr/05Sept2016/ox-delivery/catkin_ws/build/CMakeFiles/CMakeTmp/CMakeFiles 1
Building C object CMakeFiles/cmTryCompileExec3403518678.dir/CheckFunctionExists.c.o
/usr/bin/cc   -DCHECK_FUNCTION_EXISTS=pthread_create   -o CMakeFiles/cmTryCompileExec3403518678.dir/CheckFunctionExists.c.o   -c /usr/share/cmake-2.8/Modules/CheckFunctionExists.c
Linking C executable cmTryCompileExec3403518678
/usr/bin/cmake -E cmake_link_script CMakeFiles/cmTryCompileExec3403518678.dir/link.txt --verbose=1
/usr/bin/cc   -DCHECK_FUNCTION_EXISTS=pthread_create    CMakeFiles/cmTryCompileExec3403518678.dir/CheckFunctionExists.c.o  -o cmTryCompileExec3403518678 -rdynamic -lpthreads 
/usr/bin/ld: cannot find -lpthreads
collect2: error: ld returned 1 exit status
make[1]: *** [cmTryCompileExec3403518678] Error 1
make[1]: Leaving directory `/home/ubundr/05Sept2016/ox-delivery/catkin_ws/build/CMakeFiles/CMakeTmp'
make: *** [cmTryCompileExec3403518678/fast] Error 2


Determining if the Q_WS_WIN exist failed with the following output:
Change Dir: /home/ubundr/05Sept2016/ox-delivery/catkin_ws/build/CMakeFiles/CMakeTmp

Run Build Command:/usr/bin/make "cmTryCompileExec1084917834/fast"
/usr/bin/make -f CMakeFiles/cmTryCompileExec1084917834.dir/build.make CMakeFiles/cmTryCompileExec1084917834.dir/build
make[1]: Entering directory `/home/ubundr/05Sept2016/ox-delivery/catkin_ws/build/CMakeFiles/CMakeTmp'
/usr/bin/cmake -E cmake_progress_report /home/ubundr/05Sept2016/ox-delivery/catkin_ws/build/CMakeFiles/CMakeTmp/CMakeFiles 1
Building CXX object CMakeFiles/cmTryCompileExec1084917834.dir/CheckSymbolExists.cxx.o
/usr/bin/c++    -I/usr/include/qt4    -o CMakeFiles/cmTryCompileExec1084917834.dir/CheckSymbolExists.cxx.o -c /home/ubundr/05Sept2016/ox-delivery/catkin_ws/build/CMakeFiles/CMakeTmp/CheckSymbolExists.cxx
/home/ubundr/05Sept2016/ox-delivery/catkin_ws/build/CMakeFiles/CMakeTmp/CheckSymbolExists.cxx: In function ‘int main(int, char**)’:
/home/ubundr/05Sept2016/ox-delivery/catkin_ws/build/CMakeFiles/CMakeTmp/CheckSymbolExists.cxx:8:19: error: ‘Q_WS_WIN’ was not declared in this scope
   return ((int*)(&Q_WS_WIN))[argc];
                   ^
make[1]: *** [CMakeFiles/cmTryCompileExec1084917834.dir/CheckSymbolExists.cxx.o] Error 1
make[1]: Leaving directory `/home/ubundr/05Sept2016/ox-delivery/catkin_ws/build/CMakeFiles/CMakeTmp'
make: *** [cmTryCompileExec1084917834/fast] Error 2

File /home/ubundr/05Sept2016/ox-delivery/catkin_ws/build/CMakeFiles/CMakeTmp/CheckSymbolExists.cxx:
/* */
#include <QtCore/qglobal.h>

int main(int argc, char** argv)
{
  (void)argv;
#ifndef Q_WS_WIN
  return ((int*)(&Q_WS_WIN))[argc];
#else
  (void)argc;
  return 0;
#endif
}

Determining if the Q_WS_QWS exist failed with the following output:
Change Dir: /home/ubundr/05Sept2016/ox-delivery/catkin_ws/build/CMakeFiles/CMakeTmp

Run Build Command:/usr/bin/make "cmTryCompileExec3655649611/fast"
/usr/bin/make -f CMakeFiles/cmTryCompileExec3655649611.dir/build.make CMakeFiles/cmTryCompileExec3655649611.dir/build
make[1]: Entering directory `/home/ubundr/05Sept2016/ox-delivery/catkin_ws/build/CMakeFiles/CMakeTmp'
/usr/bin/cmake -E cmake_progress_report /home/ubundr/05Sept2016/ox-delivery/catkin_ws/build/CMakeFiles/CMakeTmp/CMakeFiles 1
Building CXX object CMakeFiles/cmTryCompileExec3655649611.dir/CheckSymbolExists.cxx.o
/usr/bin/c++    -I/usr/include/qt4    -o CMakeFiles/cmTryCompileExec3655649611.dir/CheckSymbolExists.cxx.o -c /home/ubundr/05Sept2016/ox-delivery/catkin_ws/build/CMakeFiles/CMakeTmp/CheckSymbolExists.cxx
/home/ubundr/05Sept2016/ox-delivery/catkin_ws/build/CMakeFiles/CMakeTmp/CheckSymbolExists.cxx: In function ‘int main(int, char**)’:
/home/ubundr/05Sept2016/ox-delivery/catkin_ws/build/CMakeFiles/CMakeTmp/CheckSymbolExists.cxx:8:19: error: ‘Q_WS_QWS’ was not declared in this scope
   return ((int*)(&Q_WS_QWS))[argc];
                   ^
make[1]: Leaving directory `/home/ubundr/05Sept2016/ox-delivery/catkin_ws/build/CMakeFiles/CMakeTmp'
make[1]: *** [CMakeFiles/cmTryCompileExec3655649611.dir/CheckSymbolExists.cxx.o] Error 1
make: *** [cmTryCompileExec3655649611/fast] Error 2

File /home/ubundr/05Sept2016/ox-delivery/catkin_ws/build/CMakeFiles/CMakeTmp/CheckSymbolExists.cxx:
/* */
#include <QtCore/qglobal.h>

int main(int argc, char** argv)
{
  (void)argv;
#ifndef Q_WS_QWS
  return ((int*)(&Q_WS_QWS))[argc];
#else
  (void)argc;
  return 0;
#endif
}

Determining if the Q_WS_MAC exist failed with the following output:
Change Dir: /home/ubundr/05Sept2016/ox-delivery/catkin_ws/build/CMakeFiles/CMakeTmp

Run Build Command:/usr/bin/make "cmTryCompileExec77541662/fast"
/usr/bin/make -f CMakeFiles/cmTryCompileExec77541662.dir/build.make CMakeFiles/cmTryCompileExec77541662.dir/build
make[1]: Entering directory `/home/ubundr/05Sept2016/ox-delivery/catkin_ws/build/CMakeFiles/CMakeTmp'
/usr/bin/cmake -E cmake_progress_report /home/ubundr/05Sept2016/ox-delivery/catkin_ws/build/CMakeFiles/CMakeTmp/CMakeFiles 1
Building CXX object CMakeFiles/cmTryCompileExec77541662.dir/CheckSymbolExists.cxx.o
/usr/bin/c++    -I/usr/include/qt4    -o CMakeFiles/cmTryCompileExec77541662.dir/CheckSymbolExists.cxx.o -c /home/ubundr/05Sept2016/ox-delivery/catkin_ws/build/CMakeFiles/CMakeTmp/CheckSymbolExists.cxx
/home/ubundr/05Sept2016/ox-delivery/catkin_ws/build/CMakeFiles/CMakeTmp/CheckSymbolExists.cxx: In function ‘int main(int, char**)’:
/home/ubundr/05Sept2016/ox-delivery/catkin_ws/build/CMakeFiles/CMakeTmp/CheckSymbolExists.cxx:8:19: error: ‘Q_WS_MAC’ was not declared in this scope
   return ((int*)(&Q_WS_MAC))[argc];
                   ^
make[1]: *** [CMakeFiles/cmTryCompileExec77541662.dir/CheckSymbolExists.cxx.o] Error 1
make[1]: Leaving directory `/home/ubundr/05Sept2016/ox-delivery/catkin_ws/build/CMakeFiles/CMakeTmp'
make: *** [cmTryCompileExec77541662/fast] Error 2

File /home/ubundr/05Sept2016/ox-delivery/catkin_ws/build/CMakeFiles/CMakeTmp/CheckSymbolExists.cxx:
/* */
#include <QtCore/qglobal.h>

int main(int argc, char** argv)
{
  (void)argv;
#ifndef Q_WS_MAC
  return ((int*)(&Q_WS_MAC))[argc];
#else
  (void)argc;
  return 0;
#endif
}

