Determining if the Q_WS_WIN exist failed with the following output:
Change Dir: /home/ubundr/05Sept2016/ox-delivery/WayPoints_libs/CMakeFiles/CMakeTmp

Run Build Command:/usr/bin/make "cmTryCompileExec765560180/fast"
/usr/bin/make -f CMakeFiles/cmTryCompileExec765560180.dir/build.make CMakeFiles/cmTryCompileExec765560180.dir/build
make[1]: Entering directory `/home/ubundr/05Sept2016/ox-delivery/WayPoints_libs/CMakeFiles/CMakeTmp'
/usr/bin/cmake -E cmake_progress_report /home/ubundr/05Sept2016/ox-delivery/WayPoints_libs/CMakeFiles/CMakeTmp/CMakeFiles 1
Building CXX object CMakeFiles/cmTryCompileExec765560180.dir/CheckSymbolExists.cxx.o
/usr/bin/c++    -g -Wall -Wno-deprecated  -I/usr/include/qt4    -o CMakeFiles/cmTryCompileExec765560180.dir/CheckSymbolExists.cxx.o -c /home/ubundr/05Sept2016/ox-delivery/WayPoints_libs/CMakeFiles/CMakeTmp/CheckSymbolExists.cxx
/home/ubundr/05Sept2016/ox-delivery/WayPoints_libs/CMakeFiles/CMakeTmp/CheckSymbolExists.cxx: In function ‘int main(int, char**)’:
/home/ubundr/05Sept2016/ox-delivery/WayPoints_libs/CMakeFiles/CMakeTmp/CheckSymbolExists.cxx:8:19: error: ‘Q_WS_WIN’ was not declared in this scope
   return ((int*)(&Q_WS_WIN))[argc];
                   ^
make[1]: *** [CMakeFiles/cmTryCompileExec765560180.dir/CheckSymbolExists.cxx.o] Error 1
make[1]: Leaving directory `/home/ubundr/05Sept2016/ox-delivery/WayPoints_libs/CMakeFiles/CMakeTmp'
make: *** [cmTryCompileExec765560180/fast] Error 2

File /home/ubundr/05Sept2016/ox-delivery/WayPoints_libs/CMakeFiles/CMakeTmp/CheckSymbolExists.cxx:
/* */
#include <QtCore/qglobal.h>

int main(int argc, char** argv)
{
  (void)argv;
#ifndef Q_WS_WIN
  return ((int*)(&Q_WS_WIN))[argc];
#else
  (void)argc;
  return 0;
#endif
}

Determining if the Q_WS_QWS exist failed with the following output:
Change Dir: /home/ubundr/05Sept2016/ox-delivery/WayPoints_libs/CMakeFiles/CMakeTmp

Run Build Command:/usr/bin/make "cmTryCompileExec1258858770/fast"
/usr/bin/make -f CMakeFiles/cmTryCompileExec1258858770.dir/build.make CMakeFiles/cmTryCompileExec1258858770.dir/build
make[1]: Entering directory `/home/ubundr/05Sept2016/ox-delivery/WayPoints_libs/CMakeFiles/CMakeTmp'
/usr/bin/cmake -E cmake_progress_report /home/ubundr/05Sept2016/ox-delivery/WayPoints_libs/CMakeFiles/CMakeTmp/CMakeFiles 1
Building CXX object CMakeFiles/cmTryCompileExec1258858770.dir/CheckSymbolExists.cxx.o
/usr/bin/c++    -g -Wall -Wno-deprecated  -I/usr/include/qt4    -o CMakeFiles/cmTryCompileExec1258858770.dir/CheckSymbolExists.cxx.o -c /home/ubundr/05Sept2016/ox-delivery/WayPoints_libs/CMakeFiles/CMakeTmp/CheckSymbolExists.cxx
/home/ubundr/05Sept2016/ox-delivery/WayPoints_libs/CMakeFiles/CMakeTmp/CheckSymbolExists.cxx: In function ‘int main(int, char**)’:
/home/ubundr/05Sept2016/ox-delivery/WayPoints_libs/CMakeFiles/CMakeTmp/CheckSymbolExists.cxx:8:19: error: ‘Q_WS_QWS’ was not declared in this scope
   return ((int*)(&Q_WS_QWS))[argc];
                   ^
make[1]: Leaving directory `/home/ubundr/05Sept2016/ox-delivery/WayPoints_libs/CMakeFiles/CMakeTmp'
make[1]: *** [CMakeFiles/cmTryCompileExec1258858770.dir/CheckSymbolExists.cxx.o] Error 1
make: *** [cmTryCompileExec1258858770/fast] Error 2

File /home/ubundr/05Sept2016/ox-delivery/WayPoints_libs/CMakeFiles/CMakeTmp/CheckSymbolExists.cxx:
/* */
#include <QtCore/qglobal.h>

int main(int argc, char** argv)
{
  (void)argv;
#ifndef Q_WS_QWS
  return ((int*)(&Q_WS_QWS))[argc];
#else
  (void)argc;
  return 0;
#endif
}

Determining if the Q_WS_MAC exist failed with the following output:
Change Dir: /home/ubundr/05Sept2016/ox-delivery/WayPoints_libs/CMakeFiles/CMakeTmp

Run Build Command:/usr/bin/make "cmTryCompileExec1022904696/fast"
/usr/bin/make -f CMakeFiles/cmTryCompileExec1022904696.dir/build.make CMakeFiles/cmTryCompileExec1022904696.dir/build
make[1]: Entering directory `/home/ubundr/05Sept2016/ox-delivery/WayPoints_libs/CMakeFiles/CMakeTmp'
/usr/bin/cmake -E cmake_progress_report /home/ubundr/05Sept2016/ox-delivery/WayPoints_libs/CMakeFiles/CMakeTmp/CMakeFiles 1
Building CXX object CMakeFiles/cmTryCompileExec1022904696.dir/CheckSymbolExists.cxx.o
/usr/bin/c++    -g -Wall -Wno-deprecated  -I/usr/include/qt4    -o CMakeFiles/cmTryCompileExec1022904696.dir/CheckSymbolExists.cxx.o -c /home/ubundr/05Sept2016/ox-delivery/WayPoints_libs/CMakeFiles/CMakeTmp/CheckSymbolExists.cxx
/home/ubundr/05Sept2016/ox-delivery/WayPoints_libs/CMakeFiles/CMakeTmp/CheckSymbolExists.cxx: In function ‘int main(int, char**)’:
/home/ubundr/05Sept2016/ox-delivery/WayPoints_libs/CMakeFiles/CMakeTmp/CheckSymbolExists.cxx:8:19: error: ‘Q_WS_MAC’ was not declared in this scope
   return ((int*)(&Q_WS_MAC))[argc];
                   ^
make[1]: *** [CMakeFiles/cmTryCompileExec1022904696.dir/CheckSymbolExists.cxx.o] Error 1
make[1]: Leaving directory `/home/ubundr/05Sept2016/ox-delivery/WayPoints_libs/CMakeFiles/CMakeTmp'
make: *** [cmTryCompileExec1022904696/fast] Error 2

File /home/ubundr/05Sept2016/ox-delivery/WayPoints_libs/CMakeFiles/CMakeTmp/CheckSymbolExists.cxx:
/* */
#include <QtCore/qglobal.h>

int main(int argc, char** argv)
{
  (void)argv;
#ifndef Q_WS_MAC
  return ((int*)(&Q_WS_MAC))[argc];
#else
  (void)argc;
  return 0;
#endif
}

